<?xml version="1.0" encoding="UTF-8"?>
<!-- Generated by org.testng.reporters.JUnitReportReporter -->
<testsuite hostname="WFX-LAP-300" failures="0" tests="2" name="tests.logintest" time="5.871" errors="0" timestamp="2023-04-13T21:04:48 IST" skipped="0">
  <testcase classname="tests.logintest" name="loginTest" time="1.039"/>
  <testcase classname="tests.logintest" name="invalidlogintest" time="4.832"/>
</testsuite> <!-- tests.logintest -->
